<?xml version="1.0" encoding="UTF-8"?>
<testsuite xmlns:xsi="http://www.w3.org/2001/XMLSchema-instance" xsi:noNamespaceSchemaLocation="https://maven.apache.org/surefire/maven-surefire-plugin/xsd/surefire-test-report.xsd" version="3.0.2" name="TestSuite" time="43.256" tests="6" errors="0" skipped="0" failures="1">
  <properties>
[...]
</properties>
  <testcase name="verfiy_RegistrationTest" classname="testCases.TC_00_RegistrationTest" time="2.789">
    <system-out><![CDATA[before local: local
local
]]></system-out>
    <system-err><![CDATA[Nov 09, 2024 1:04:06 PM org.openqa.selenium.devtools.CdpVersionFinder findNearestMatch
WARNING: Unable to find an exact match for CDP version 130, returning the closest version; found: 129; Please update to a Selenium version that supports CDP version 130
]]></system-err>
  </testcase>
  <testcase name="verify_loginDDT[pavanoltraining@gmail.com, test@123, Invalid](1)" classname="testCases.TC_01_LoginDDT" time="10.997">
    <system-out><![CDATA[before local: local
local
]]></system-out>
    <system-err><![CDATA[Nov 09, 2024 1:04:11 PM org.openqa.selenium.devtools.CdpVersionFinder findNearestMatch
WARNING: Unable to find an exact match for CDP version 130, returning the closest version; found: 129; Please update to a Selenium version that supports CDP version 130
]]></system-err>
  </testcase>
  <testcase name="verify_loginDDT[lakshmi@yahoo.com, Laxmi, Valid](2)" classname="testCases.TC_01_LoginDDT" time="2.204"/>
  <testcase name="verify_loginDDT[laksh@yahoo.com, Lakshmi, Invalid](3)" classname="testCases.TC_01_LoginDDT" time="2.672">
    <failure message="expected [true] but found [false]" type="java.lang.AssertionError"><![CDATA[java.lang.AssertionError: expected [true] but found [false]
	at org.testng.Assert.fail(Assert.java:111)
	at org.testng.Assert.failNotEquals(Assert.java:1578)
	at org.testng.Assert.assertTrue(Assert.java:57)
	at org.testng.Assert.assertTrue(Assert.java:67)
	at testCases.TC_01_LoginDDT.verify_loginDDT(TC_01_LoginDDT.java:66)
	at java.base/jdk.internal.reflect.NativeMethodAccessorImpl.invoke0(Native Method)
	at java.base/jdk.internal.reflect.NativeMethodAccessorImpl.invoke(NativeMethodAccessorImpl.java:62)
	at java.base/jdk.internal.reflect.DelegatingMethodAccessorImpl.invoke(DelegatingMethodAccessorImpl.java:43)
	at java.base/java.lang.reflect.Method.invoke(Method.java:566)
	at org.testng.internal.invokers.MethodInvocationHelper.invokeMethod(MethodInvocationHelper.java:141)
	at org.testng.internal.invokers.TestInvoker.invokeMethod(TestInvoker.java:686)
	at org.testng.internal.invokers.TestInvoker.invokeTestMethod(TestInvoker.java:230)
	at org.testng.internal.invokers.MethodRunner.runInSequence(MethodRunner.java:63)
	at org.testng.internal.invokers.TestInvoker$MethodInvocationAgent.invoke(TestInvoker.java:992)
	at org.testng.internal.invokers.TestInvoker.invokeTestMethods(TestInvoker.java:203)
	at org.testng.internal.invokers.TestMethodWorker.invokeTestMethods(TestMethodWorker.java:154)
	at org.testng.internal.invokers.TestMethodWorker.run(TestMethodWorker.java:134)
	at java.base/java.util.ArrayList.forEach(ArrayList.java:1541)
	at org.testng.TestRunner.privateRun(TestRunner.java:739)
	at org.testng.TestRunner.run(TestRunner.java:614)
	at org.testng.SuiteRunner.runTest(SuiteRunner.java:421)
	at org.testng.SuiteRunner$SuiteWorker.run(SuiteRunner.java:463)
	at org.testng.internal.thread.ThreadUtil.lambda$execute$0(ThreadUtil.java:64)
	at java.base/java.util.concurrent.FutureTask.run(FutureTask.java:264)
	at java.base/java.util.concurrent.ThreadPoolExecutor.runWorker(ThreadPoolExecutor.java:1128)
	at java.base/java.util.concurrent.ThreadPoolExecutor$Worker.run(ThreadPoolExecutor.java:628)
	at java.base/java.lang.Thread.run(Thread.java:834)
]]></failure>
  </testcase>
  <testcase name="verify_loginDDT[laks@yahoo.com, xyz, Invalid](4)" classname="testCases.TC_01_LoginDDT" time="11.227"/>
  <testcase name="verify_loginDDT[abc123@gmail.com, test@123, Valid](5)" classname="testCases.TC_01_LoginDDT" time="1.772"/>
</testsuite>